  Display.cpp
D:\Unreal Projects\TicTacToeMultiThingy\MorpionMultiJoueurThreading\ConsoleApplication1\ConsoleApplication1\Display.cpp(8,53): warning C4244: 'argument': conversion from 'const float' to 'unsigned int', possible loss of data
D:\Unreal Projects\TicTacToeMultiThingy\MorpionMultiJoueurThreading\ConsoleApplication1\ConsoleApplication1\Display.cpp(8,46): warning C4244: 'argument': conversion from 'const float' to 'unsigned int', possible loss of data
D:\Unreal Projects\TicTacToeMultiThingy\MorpionMultiJoueurThreading\ConsoleApplication1\ConsoleApplication1\Display.cpp(50,18): warning C4244: 'initializing': conversion from 'float' to 'int', possible loss of data
D:\Unreal Projects\TicTacToeMultiThingy\MorpionMultiJoueurThreading\ConsoleApplication1\ConsoleApplication1\Display.cpp(51,19): warning C4244: 'initializing': conversion from 'float' to 'int', possible loss of data
D:\Unreal Projects\TicTacToeMultiThingy\MorpionMultiJoueurThreading\ConsoleApplication1\ConsoleApplication1\Display.cpp(81,25): warning C4244: 'argument': conversion from 'int' to 'float', possible loss of data
D:\Unreal Projects\TicTacToeMultiThingy\MorpionMultiJoueurThreading\ConsoleApplication1\ConsoleApplication1\Display.cpp(85,32): warning C4244: 'argument': conversion from 'int' to 'float', possible loss of data
D:\Unreal Projects\TicTacToeMultiThingy\MorpionMultiJoueurThreading\ConsoleApplication1\ConsoleApplication1\Display.cpp(85,22): warning C4244: 'argument': conversion from 'int' to 'float', possible loss of data
D:\Unreal Projects\TicTacToeMultiThingy\MorpionMultiJoueurThreading\ConsoleApplication1\ConsoleApplication1\Display.cpp(91,15): warning C4244: 'initializing': conversion from 'float' to 'int', possible loss of data
D:\Unreal Projects\TicTacToeMultiThingy\MorpionMultiJoueurThreading\ConsoleApplication1\ConsoleApplication1\Display.cpp(92,15): warning C4244: 'initializing': conversion from 'float' to 'int', possible loss of data
D:\Unreal Projects\TicTacToeMultiThingy\MorpionMultiJoueurThreading\ConsoleApplication1\ConsoleApplication1\Display.cpp(93,16): warning C4244: 'initializing': conversion from 'float' to 'int', possible loss of data
D:\Unreal Projects\TicTacToeMultiThingy\MorpionMultiJoueurThreading\ConsoleApplication1\ConsoleApplication1\Display.cpp(96,42): warning C4244: 'argument': conversion from 'int' to 'float', possible loss of data
D:\Unreal Projects\TicTacToeMultiThingy\MorpionMultiJoueurThreading\ConsoleApplication1\ConsoleApplication1\Display.cpp(96,29): warning C4244: 'argument': conversion from 'int' to 'float', possible loss of data
D:\Unreal Projects\TicTacToeMultiThingy\MorpionMultiJoueurThreading\ConsoleApplication1\ConsoleApplication1\Display.cpp(102,42): warning C4244: 'argument': conversion from 'int' to 'float', possible loss of data
D:\Unreal Projects\TicTacToeMultiThingy\MorpionMultiJoueurThreading\ConsoleApplication1\ConsoleApplication1\Display.cpp(102,28): warning C4244: 'argument': conversion from 'int' to 'float', possible loss of data
D:\Unreal Projects\TicTacToeMultiThingy\MorpionMultiJoueurThreading\ConsoleApplication1\ConsoleApplication1\Display.cpp(169,25): warning C4267: 'argument': conversion from 'size_t' to 'int', possible loss of data
D:\Unreal Projects\TicTacToeMultiThingy\MorpionMultiJoueurThreading\ConsoleApplication1\ConsoleApplication1\Display.cpp(172,47): warning C4244: 'argument': conversion from 'const float' to 'int', possible loss of data
D:\Unreal Projects\TicTacToeMultiThingy\MorpionMultiJoueurThreading\ConsoleApplication1\ConsoleApplication1\Display.cpp(172,43): warning C4244: 'argument': conversion from 'T' to 'int', possible loss of data
          with
          [
              T=float
          ]
D:\Unreal Projects\TicTacToeMultiThingy\MorpionMultiJoueurThreading\ConsoleApplication1\ConsoleApplication1\Display.cpp(172,29): warning C4244: 'argument': conversion from 'T' to 'int', possible loss of data
          with
          [
              T=float
          ]
D:\Unreal Projects\TicTacToeMultiThingy\MorpionMultiJoueurThreading\ConsoleApplication1\ConsoleApplication1\Display.cpp(175,46): warning C4244: 'argument': conversion from 'const float' to 'int', possible loss of data
D:\Unreal Projects\TicTacToeMultiThingy\MorpionMultiJoueurThreading\ConsoleApplication1\ConsoleApplication1\Display.cpp(175,42): warning C4244: 'argument': conversion from 'T' to 'int', possible loss of data
          with
          [
              T=float
          ]
D:\Unreal Projects\TicTacToeMultiThingy\MorpionMultiJoueurThreading\ConsoleApplication1\ConsoleApplication1\Display.cpp(175,28): warning C4244: 'argument': conversion from 'T' to 'int', possible loss of data
          with
          [
              T=float
          ]
D:\Unreal Projects\TicTacToeMultiThingy\MorpionMultiJoueurThreading\ConsoleApplication1\ConsoleApplication1\Display.cpp(189,33): warning C4244: 'argument': conversion from 'int' to 'T', possible loss of data
          with
          [
              T=float
          ]
D:\Unreal Projects\TicTacToeMultiThingy\MorpionMultiJoueurThreading\ConsoleApplication1\ConsoleApplication1\Display.cpp(189,30): warning C4244: 'argument': conversion from 'int' to 'T', possible loss of data
          with
          [
              T=float
          ]
D:\Unreal Projects\TicTacToeMultiThingy\MorpionMultiJoueurThreading\ConsoleApplication1\ConsoleApplication1\Display.cpp(191,11): warning C4267: 'return': conversion from 'size_t' to 'int', possible loss of data
  GameData.cpp
  Generating code
  9 of 124 functions ( 7.3%) were compiled, the rest were copied from previous compilation.
    0 functions were new in current compilation
    6 functions had inline decision re-evaluated but remain unchanged
  Finished generating code
  ConsoleApplication1.vcxproj -> D:\Unreal Projects\TicTacToeMultiThingy\MorpionMultiJoueurThreading\ConsoleApplication1\x64\Release\ConsoleApplication1.exe
