  Controller.cpp
D:\Unreal Projects\TicTacToeMultiThingy\MorpionMultiJoueurThreading\ConsoleApplication1\TicTaClient\Controller.cpp(67,10): warning C4309: 'return': truncation of constant value
  Model.cpp
  ModelDisplayer.cpp
D:\Unreal Projects\TicTacToeMultiThingy\MorpionMultiJoueurThreading\ConsoleApplication1\TicTaClient\ModelDisplayer.cpp(7,53): warning C4244: 'argument': conversion from 'const float' to 'unsigned int', possible loss of data
D:\Unreal Projects\TicTacToeMultiThingy\MorpionMultiJoueurThreading\ConsoleApplication1\TicTaClient\ModelDisplayer.cpp(7,46): warning C4244: 'argument': conversion from 'const float' to 'unsigned int', possible loss of data
D:\Unreal Projects\TicTacToeMultiThingy\MorpionMultiJoueurThreading\ConsoleApplication1\TicTaClient\ModelDisplayer.cpp(22,25): warning C4244: 'argument': conversion from 'int' to 'float', possible loss of data
D:\Unreal Projects\TicTacToeMultiThingy\MorpionMultiJoueurThreading\ConsoleApplication1\TicTaClient\ModelDisplayer.cpp(22,22): warning C4244: 'argument': conversion from 'int' to 'float', possible loss of data
D:\Unreal Projects\TicTacToeMultiThingy\MorpionMultiJoueurThreading\ConsoleApplication1\TicTaClient\ModelDisplayer.cpp(38,18): warning C4244: 'initializing': conversion from 'float' to 'int', possible loss of data
D:\Unreal Projects\TicTacToeMultiThingy\MorpionMultiJoueurThreading\ConsoleApplication1\TicTaClient\ModelDisplayer.cpp(39,19): warning C4244: 'initializing': conversion from 'float' to 'int', possible loss of data
D:\Unreal Projects\TicTacToeMultiThingy\MorpionMultiJoueurThreading\ConsoleApplication1\TicTaClient\ModelDisplayer.cpp(62,25): warning C4244: 'argument': conversion from 'int' to 'float', possible loss of data
D:\Unreal Projects\TicTacToeMultiThingy\MorpionMultiJoueurThreading\ConsoleApplication1\TicTaClient\ModelDisplayer.cpp(66,35): warning C4244: 'argument': conversion from 'int' to 'float', possible loss of data
D:\Unreal Projects\TicTacToeMultiThingy\MorpionMultiJoueurThreading\ConsoleApplication1\TicTaClient\ModelDisplayer.cpp(66,23): warning C4244: 'argument': conversion from 'int' to 'float', possible loss of data
D:\Unreal Projects\TicTacToeMultiThingy\MorpionMultiJoueurThreading\ConsoleApplication1\TicTaClient\ModelDisplayer.cpp(72,15): warning C4244: 'initializing': conversion from 'float' to 'int', possible loss of data
D:\Unreal Projects\TicTacToeMultiThingy\MorpionMultiJoueurThreading\ConsoleApplication1\TicTaClient\ModelDisplayer.cpp(73,15): warning C4244: 'initializing': conversion from 'float' to 'int', possible loss of data
D:\Unreal Projects\TicTacToeMultiThingy\MorpionMultiJoueurThreading\ConsoleApplication1\TicTaClient\ModelDisplayer.cpp(74,16): warning C4244: 'initializing': conversion from 'float' to 'int', possible loss of data
D:\Unreal Projects\TicTacToeMultiThingy\MorpionMultiJoueurThreading\ConsoleApplication1\TicTaClient\ModelDisplayer.cpp(77,44): warning C4244: 'argument': conversion from 'int' to 'float', possible loss of data
D:\Unreal Projects\TicTacToeMultiThingy\MorpionMultiJoueurThreading\ConsoleApplication1\TicTaClient\ModelDisplayer.cpp(77,29): warning C4244: 'argument': conversion from 'int' to 'float', possible loss of data
D:\Unreal Projects\TicTacToeMultiThingy\MorpionMultiJoueurThreading\ConsoleApplication1\TicTaClient\ModelDisplayer.cpp(83,45): warning C4244: 'argument': conversion from 'int' to 'float', possible loss of data
D:\Unreal Projects\TicTacToeMultiThingy\MorpionMultiJoueurThreading\ConsoleApplication1\TicTaClient\ModelDisplayer.cpp(83,29): warning C4244: 'argument': conversion from 'int' to 'float', possible loss of data
D:\Unreal Projects\TicTacToeMultiThingy\MorpionMultiJoueurThreading\ConsoleApplication1\TicTaClient\ModelDisplayer.cpp(129,9): warning C4244: 'initializing': conversion from 'float' to 'int', possible loss of data
D:\Unreal Projects\TicTacToeMultiThingy\MorpionMultiJoueurThreading\ConsoleApplication1\TicTaClient\ModelDisplayer.cpp(130,9): warning C4244: 'initializing': conversion from 'float' to 'int', possible loss of data
D:\Unreal Projects\TicTacToeMultiThingy\MorpionMultiJoueurThreading\ConsoleApplication1\TicTaClient\ModelDisplayer.cpp(132,22): warning C4267: 'argument': conversion from 'size_t' to 'int', possible loss of data
D:\Unreal Projects\TicTacToeMultiThingy\MorpionMultiJoueurThreading\ConsoleApplication1\TicTaClient\ModelDisplayer.cpp(134,24): warning C4244: 'argument': conversion from 'const float' to 'int', possible loss of data
D:\Unreal Projects\TicTacToeMultiThingy\MorpionMultiJoueurThreading\ConsoleApplication1\TicTaClient\ModelDisplayer.cpp(136,27): warning C4267: 'argument': conversion from 'size_t' to 'int', possible loss of data
D:\Unreal Projects\TicTacToeMultiThingy\MorpionMultiJoueurThreading\ConsoleApplication1\TicTaClient\ModelDisplayer.cpp(138,23): warning C4244: 'argument': conversion from 'const float' to 'int', possible loss of data
D:\Unreal Projects\TicTacToeMultiThingy\MorpionMultiJoueurThreading\ConsoleApplication1\TicTaClient\ModelDisplayer.cpp(152,33): warning C4244: 'argument': conversion from 'int' to 'T', possible loss of data
          with
          [
              T=float
          ]
D:\Unreal Projects\TicTacToeMultiThingy\MorpionMultiJoueurThreading\ConsoleApplication1\TicTaClient\ModelDisplayer.cpp(152,30): warning C4244: 'argument': conversion from 'int' to 'T', possible loss of data
          with
          [
              T=float
          ]
D:\Unreal Projects\TicTacToeMultiThingy\MorpionMultiJoueurThreading\ConsoleApplication1\TicTaClient\ModelDisplayer.cpp(154,11): warning C4267: 'return': conversion from 'size_t' to 'int', possible loss of data
  TicTaClient.cpp
  View.cpp
  Generating code
  14 of 162 functions ( 8.6%) were compiled, the rest were copied from previous compilation.
    2 functions were new in current compilation
    1 functions had inline decision re-evaluated but remain unchanged
  Finished generating code
  TicTaClient.vcxproj -> D:\Unreal Projects\TicTacToeMultiThingy\MorpionMultiJoueurThreading\ConsoleApplication1\x64\Release\TicTaClient.exe
